Determining if the pthread_create exist failed with the following output:
Change Dir: /home/adithya/Documents/Random-Early-Detection-algorithms/src/WRED/CMakeFiles/CMakeTmp

Run Build Command:"/usr/bin/make" "cmTC_e447d/fast"
/usr/bin/make -f CMakeFiles/cmTC_e447d.dir/build.make CMakeFiles/cmTC_e447d.dir/build
make[1]: Entering directory '/home/adithya/Documents/Random-Early-Detection-algorithms/src/WRED/CMakeFiles/CMakeTmp'
Building C object CMakeFiles/cmTC_e447d.dir/CheckSymbolExists.c.o
/usr/bin/cc    -o CMakeFiles/cmTC_e447d.dir/CheckSymbolExists.c.o   -c /home/adithya/Documents/Random-Early-Detection-algorithms/src/WRED/CMakeFiles/CMakeTmp/CheckSymbolExists.c
Linking C executable cmTC_e447d
/usr/bin/cmake -E cmake_link_script CMakeFiles/cmTC_e447d.dir/link.txt --verbose=1
/usr/bin/cc      CMakeFiles/cmTC_e447d.dir/CheckSymbolExists.c.o  -o cmTC_e447d 
CMakeFiles/cmTC_e447d.dir/CheckSymbolExists.c.o: In function `main':
CheckSymbolExists.c:(.text+0x1b): undefined reference to `pthread_create'
collect2: error: ld returned 1 exit status
CMakeFiles/cmTC_e447d.dir/build.make:97: recipe for target 'cmTC_e447d' failed
make[1]: *** [cmTC_e447d] Error 1
make[1]: Leaving directory '/home/adithya/Documents/Random-Early-Detection-algorithms/src/WRED/CMakeFiles/CMakeTmp'
Makefile:126: recipe for target 'cmTC_e447d/fast' failed
make: *** [cmTC_e447d/fast] Error 2

File /home/adithya/Documents/Random-Early-Detection-algorithms/src/WRED/CMakeFiles/CMakeTmp/CheckSymbolExists.c:
/* */
#include <pthread.h>

int main(int argc, char** argv)
{
  (void)argv;
#ifndef pthread_create
  return ((int*)(&pthread_create))[argc];
#else
  (void)argc;
  return 0;
#endif
}

Determining if the function pthread_create exists in the pthreads failed with the following output:
Change Dir: /home/adithya/Documents/Random-Early-Detection-algorithms/src/WRED/CMakeFiles/CMakeTmp

Run Build Command:"/usr/bin/make" "cmTC_fbe27/fast"
/usr/bin/make -f CMakeFiles/cmTC_fbe27.dir/build.make CMakeFiles/cmTC_fbe27.dir/build
make[1]: Entering directory '/home/adithya/Documents/Random-Early-Detection-algorithms/src/WRED/CMakeFiles/CMakeTmp'
Building C object CMakeFiles/cmTC_fbe27.dir/CheckFunctionExists.c.o
/usr/bin/cc   -DCHECK_FUNCTION_EXISTS=pthread_create   -o CMakeFiles/cmTC_fbe27.dir/CheckFunctionExists.c.o   -c /usr/share/cmake-3.9/Modules/CheckFunctionExists.c
Linking C executable cmTC_fbe27
/usr/bin/cmake -E cmake_link_script CMakeFiles/cmTC_fbe27.dir/link.txt --verbose=1
/usr/bin/cc  -DCHECK_FUNCTION_EXISTS=pthread_create    CMakeFiles/cmTC_fbe27.dir/CheckFunctionExists.c.o  -o cmTC_fbe27 -lpthreads 
/usr/bin/ld: cannot find -lpthreads
collect2: error: ld returned 1 exit status
CMakeFiles/cmTC_fbe27.dir/build.make:97: recipe for target 'cmTC_fbe27' failed
make[1]: *** [cmTC_fbe27] Error 1
make[1]: Leaving directory '/home/adithya/Documents/Random-Early-Detection-algorithms/src/WRED/CMakeFiles/CMakeTmp'
Makefile:126: recipe for target 'cmTC_fbe27/fast' failed
make: *** [cmTC_fbe27/fast] Error 2


